[debug] [2021-05-23T03:23:06.130Z] ----------------------------------------------------------------------
[debug] [2021-05-23T03:23:06.132Z] Command:       C:\Program Files\nodejs\node.exe C:\Users\ChuckNorris\AppData\Roaming\npm\node_modules\firebase-tools\lib\bin\firebase.js init
[debug] [2021-05-23T03:23:06.132Z] CLI Version:   9.8.0
[debug] [2021-05-23T03:23:06.132Z] Platform:      win32
[debug] [2021-05-23T03:23:06.133Z] Node Version:  v14.17.0
[debug] [2021-05-23T03:23:06.134Z] Time:          Sun May 23 2021 00:23:06 GMT-0300 (hora estándar de Argentina)
[debug] [2021-05-23T03:23:06.134Z] ----------------------------------------------------------------------
[debug] 
[debug] [2021-05-23T03:23:06.138Z] >>> [apiv2][query] GET https://firebase-public.firebaseio.com/cli.json [none]
[debug] [2021-05-23T03:23:06.180Z] > command requires scopes: ["email","openid","https://www.googleapis.com/auth/cloudplatformprojects.readonly","https://www.googleapis.com/auth/firebase","https://www.googleapis.com/auth/cloud-platform"]
[debug] [2021-05-23T03:23:06.181Z] > authorizing via signed-in user
[info] 
     ######## #### ########  ######## ########     ###     ######  ########
     ##        ##  ##     ## ##       ##     ##  ##   ##  ##       ##
     ######    ##  ########  ######   ########  #########  ######  ######
     ##        ##  ##    ##  ##       ##     ## ##     ##       ## ##
     ##       #### ##     ## ######## ########  ##     ##  ######  ########

You're about to initialize a Firebase project in this directory:

  D:\angularIvy\e-magik

[debug] [2021-05-23T03:23:06.790Z] <<< [apiv2][status] GET https://firebase-public.firebaseio.com/cli.json 200
[debug] [2021-05-23T03:23:06.790Z] <<< [apiv2][body] GET https://firebase-public.firebaseio.com/cli.json {"cloudBuildErrorAfter":1594252800000,"cloudBuildWarnAfter":1590019200000,"defaultNode10After":1594252800000,"minVersion":"3.0.5","node8DeploysDisabledAfter":1613390400000,"node8RuntimeDisabledAfter":1615809600000,"node8WarnAfter":1600128000000}
[info] 
=== Project Setup
[info] 
[info] First, let's associate this project directory with a Firebase project.
[info] You can create multiple project aliases by running firebase use --add, 
[info] but for now we'll just set up a default project.
[info] 
